#
# A fatal error has been detected by the Java Runtime Environment:
#
#  EXCEPTION_ACCESS_VIOLATION (0xc0000005) at pc=0x00000000071edd7f, pid=13320, tid=0x0000000000000664
#
# JRE version: OpenJDK Runtime Environment (8.0_302-b08) (build 1.8.0_302-b08)
# Java VM: OpenJDK 64-Bit Server VM (25.302-b08 mixed mode windows-amd64 compressed oops)
# Problematic frame:
# J 25800 C1 com.android.tools.r8.ir.regalloc.a.i()V (615 bytes) @ 0x00000000071edd7f [0x00000000071ed1a0+0xbdf]
#
# Failed to write core dump. Minidumps are not enabled by default on client versions of Windows
#
# If you would like to submit a bug report, please visit:
#   http://bugreport.java.com/bugreport/crash.jsp
#

---------------  T H R E A D  ---------------

Current thread (0x000000001b42a800):  JavaThread "Build operations Thread 2" [_thread_in_Java, id=1636, stack(0x000000001f7e0000,0x000000001f8e0000)]

siginfo: ExceptionCode=0xc0000005, reading address 0x0000000000000030

Registers:
RAX=0x00000000fe9625c8, RBX=0x0000000000000f0e, RCX=0x000000002021e18e, RDX=0x00000000fc078f30
RSP=0x000000001f8d94b0, RBP=0x000000001f8d9748, RSI=0x0000000000000000, RDI=0x00000001010542c0
R8 =0x0000000000000002, R9 =0x0000000000000003, R10=0x00000000007e03c7, R11=0x0000000011600000
R12=0x0000000000000000, R13=0x000000002021e18e, R14=0x00000000f6e66cf8, R15=0x000000001b42a800
RIP=0x00000000071edd7f, EFLAGS=0x0000000000010246

Top of Stack: (sp=0x000000001f8d94b0)
0x000000001f8d94b0:   000000001f8d9748 0000000007669ffc
0x000000001f8d94c0:   00000000f9bdbe80 00000000077eb89c
0x000000001f8d94d0:   00000000e0107808 0000000000000000
0x000000001f8d94e0:   0000000002857440 00000000f9bbccc8
0x000000001f8d94f0:   00000000f9bdbe80 000000001f8d95c8
0x000000001f8d9500:   000000001f8d9748 0000000006eaefa4
0x000000001f8d9510:   0000000000000000 0000000000000000
0x000000001f8d9520:   00000000ea8ba350 0000000006f2b4a4
0x000000001f8d9530:   00000000f9bbccc8 00000000e0ba25e8
0x000000001f8d9540:   00000000ea8ba350 00000000f8a7bd98
0x000000001f8d9550:   000000001f8d9748 0000000006f2d19c
0x000000001f8d9560:   00000000f9bee5c0 00000000fe9177a8
0x000000001f8d9570:   000000051f8d9748 00000000f68c9928
0x000000001f8d9580:   00000000f9bee668 00000000f9bee9c0
0x000000001f8d9590:   00000000fc059280 00000000f8a7bf38
0x000000001f8d95a0:   00000000fc069160 00000000f9bbceb8 

Instructions: (pc=0x00000000071edd7f)
0x00000000071edd5f:   e8 1c 37 a9 fb 48 83 f8 00 0f 84 20 00 00 00 48
0x00000000071edd6f:   bf c0 42 05 01 01 00 00 00 8b 70 08 48 c1 e6 03
0x00000000071edd7f:   48 3b 7e 30 0f 85 40 0c 00 00 e9 00 00 00 00 4c
0x00000000071edd8f:   8b c0 41 8b 70 34 48 3b 06 44 8b 84 24 60 01 00 


Register to memory mapping:

RAX=0x00000000fe9625c8 is an oop

[error occurred during error reporting (printing register info), id 0xc0000005]

Stack: [0x000000001f7e0000,0x000000001f8e0000],  sp=0x000000001f8d94b0,  free space=997k
Native frames: (J=compiled Java code, j=interpreted, Vv=VM code, C=native code)
C  0x00000000071edd7f


---------------  P R O C E S S  ---------------

Java Threads: ( => current thread )
  0x000000001ceea800 JavaThread "WorkerExecutor Queue Thread 14" [_thread_blocked, id=13452, stack(0x00000000203e0000,0x00000000204e0000)]
  0x000000001cee4000 JavaThread "WorkerExecutor Queue Thread 13" [_thread_blocked, id=25564, stack(0x00000000202e0000,0x00000000203e0000)]
  0x00000000296c1000 JavaThread "RMI TCP Connection(2)-127.0.0.1" daemon [_thread_in_native, id=6292, stack(0x00000000325e0000,0x00000000326e0000)]
  0x00000000296ba000 JavaThread "RMI Reaper" [_thread_blocked, id=14604, stack(0x00000000324e0000,0x00000000325e0000)]
  0x00000000296bf800 JavaThread "RMI TCP Accept-0" daemon [_thread_in_native, id=14056, stack(0x00000000323e0000,0x00000000324e0000)]
  0x00000000296be800 JavaThread "GC Daemon" daemon [_thread_blocked, id=17692, stack(0x00000000322e0000,0x00000000323e0000)]
  0x00000000296c0000 JavaThread "RMI Scheduler(0)" daemon [_thread_blocked, id=16448, stack(0x00000000320e0000,0x00000000321e0000)]
  0x00000000296b2800 JavaThread "Cache worker for Java compile cache (C:\Users\German\Desktop\demoMobile\android\.gradle\6.9\javaCompile)" [_thread_blocked, id=16012, stack(0x0000000030910000,0x0000000030a10000)]
  0x00000000296b2000 JavaThread "Cache worker for Java compile cache (C:\Users\German\.gradle\caches\6.9\javaCompile)" [_thread_blocked, id=13940, stack(0x0000000030810000,0x0000000030910000)]
  0x00000000296b0800 JavaThread "WorkerExecutor Queue Thread 10" [_thread_blocked, id=26300, stack(0x000000002f9e0000,0x000000002fae0000)]
  0x00000000296b5000 JavaThread "WorkerExecutor Queue Thread 9" [_thread_blocked, id=18404, stack(0x000000002f8e0000,0x000000002f9e0000)]
  0x00000000296ab000 JavaThread "WorkerExecutor Queue Thread 7" [_thread_blocked, id=25100, stack(0x000000002f7e0000,0x000000002f8e0000)]
  0x00000000296af000 JavaThread "WorkerExecutor Queue Thread 6" [_thread_blocked, id=7064, stack(0x000000002f6e0000,0x000000002f7e0000)]
  0x000000001d889800 JavaThread "WorkerExecutor Queue Thread 5" [_thread_blocked, id=19104, stack(0x000000002ea00000,0x000000002eb00000)]
  0x000000001d87f800 JavaThread "WorkerExecutor Queue" [_thread_blocked, id=17248, stack(0x000000002e340000,0x000000002e440000)]
  0x000000001d885800 JavaThread "Cache worker for execution history cache (C:\Users\German\Desktop\demoMobile\android\.gradle\6.9\executionHistory)" [_thread_blocked, id=14652, stack(0x000000002e240000,0x000000002e340000)]
  0x000000001d885000 JavaThread "Execution worker for ':' Thread 7" [_thread_blocked, id=18988, stack(0x000000002e140000,0x000000002e240000)]
  0x000000001d884000 JavaThread "Execution worker for ':' Thread 6" [_thread_blocked, id=8436, stack(0x000000002cf60000,0x000000002d060000)]
  0x000000001d87c000 JavaThread "Execution worker for ':' Thread 5" [_thread_blocked, id=17088, stack(0x000000002ce60000,0x000000002cf60000)]
  0x000000001d87e000 JavaThread "Execution worker for ':' Thread 4" [_thread_blocked, id=16532, stack(0x000000002cd60000,0x000000002ce60000)]
  0x000000001d881000 JavaThread "Execution worker for ':' Thread 3" [_thread_blocked, id=16340, stack(0x000000002cc60000,0x000000002cd60000)]
  0x000000001d87d000 JavaThread "Execution worker for ':' Thread 2" [_thread_blocked, id=27220, stack(0x000000002cb60000,0x000000002cc60000)]
  0x000000001d881800 JavaThread "Execution worker for ':'" [_thread_blocked, id=9492, stack(0x000000002ca60000,0x000000002cb60000)]
  0x000000001d883800 JavaThread "build event listener" [_thread_blocked, id=14288, stack(0x000000002e040000,0x000000002e140000)]
  0x000000001b426000 JavaThread "Build operations Thread 8" [_thread_in_vm, id=15600, stack(0x00000000201e0000,0x00000000202e0000)]
  0x000000001b42d000 JavaThread "Build operations Thread 7" [_thread_in_vm, id=27540, stack(0x00000000200e0000,0x00000000201e0000)]
  0x000000001b42b800 JavaThread "Build operations Thread 6" [_thread_blocked, id=16440, stack(0x000000001ffe0000,0x00000000200e0000)]
  0x000000001b42a000 JavaThread "Build operations Thread 5" [_thread_blocked, id=17780, stack(0x000000001fee0000,0x000000001ffe0000)]
  0x000000001b429000 JavaThread "Build operations Thread 4" [_thread_blocked, id=18828, stack(0x000000001fde0000,0x000000001fee0000)]
  0x000000001b425000 JavaThread "Build operations Thread 3" [_thread_blocked, id=27296, stack(0x000000001fce0000,0x000000001fde0000)]
=>0x000000001b42a800 JavaThread "Build operations Thread 2" [_thread_in_Java, id=1636, stack(0x000000001f7e0000,0x000000001f8e0000)]
  0x0000000027ee2800 JavaThread "Build operations" [_thread_in_vm, id=16488, stack(0x000000001efe0000,0x000000001f0e0000)]
  0x0000000027ee2000 JavaThread "Cache worker for Build Output Cleanup Cache (C:\Users\German\Desktop\demoMobile\android\.gradle\buildOutputCleanup)" [_thread_blocked, id=16400, stack(0x000000001e7e0000,0x000000001e8e0000)]
  0x0000000027ee6800 JavaThread "Cache worker for cache directory md-rule (C:\Users\German\.gradle\caches\6.9\md-rule)" [_thread_blocked, id=8648, stack(0x000000001e6e0000,0x000000001e7e0000)]
  0x0000000027ee6000 JavaThread "Cache worker for cache directory md-supplier (C:\Users\German\.gradle\caches\6.9\md-supplier)" [_thread_blocked, id=18168, stack(0x000000001d190000,0x000000001d290000)]
  0x0000000027ee7800 JavaThread "Cache worker for checksums cache (C:\Users\German\Desktop\demoMobile\android\.gradle\checksums)" [_thread_blocked, id=26112, stack(0x000000001d090000,0x000000001d190000)]
  0x0000000027ee5000 JavaThread "Cache worker for file hash cache (C:\Users\German\Desktop\demoMobile\android\.gradle\6.9\fileHashes)" [_thread_blocked, id=18636, stack(0x000000001a5f0000,0x000000001a6f0000)]
  0x0000000027ee4800 JavaThread "Daemon client event forwarder" [_thread_blocked, id=17608, stack(0x000000001a4f0000,0x000000001a5f0000)]
  0x0000000027ee3800 JavaThread "Stdin handler" [_thread_blocked, id=17104, stack(0x000000001a3f0000,0x000000001a4f0000)]
  0x0000000027eda000 JavaThread "Asynchronous log dispatcher for DefaultDaemonConnection: socket connection from /127.0.0.1:51860 to /127.0.0.1:59326" [_thread_blocked, id=26248, stack(0x000000001a2f0000,0x000000001a3f0000)]
  0x0000000027ee1000 JavaThread "Cancel handler" [_thread_blocked, id=8248, stack(0x0000000000d00000,0x0000000000e00000)]
  0x0000000027edb800 JavaThread "Handler for socket connection from /127.0.0.1:51860 to /127.0.0.1:59326" [_thread_in_native, id=9080, stack(0x0000000000c00000,0x0000000000d00000)]
  0x000000001b427800 JavaThread "Daemon worker Thread 5" [_thread_blocked, id=5664, stack(0x000000001a1f0000,0x000000001a2f0000)]
  0x000000001b42c800 JavaThread "Daemon Thread 5" [_thread_blocked, id=9736, stack(0x0000000000b00000,0x0000000000c00000)]
  0x000000001cae6000 JavaThread "Memory manager" [_thread_blocked, id=10788, stack(0x0000000026fe0000,0x00000000270e0000)]
  0x0000000019124000 JavaThread "Cache worker for file content cache (C:\Users\German\.gradle\caches\6.9\fileContent)" [_thread_blocked, id=13696, stack(0x000000001f0e0000,0x000000001f1e0000)]
  0x0000000019121800 JavaThread "Cache worker for execution history cache (C:\Users\German\.gradle\caches\6.9\executionHistory)" [_thread_blocked, id=9536, stack(0x000000001e8e0000,0x000000001e9e0000)]
  0x000000001911e800 JavaThread "Cache worker for journal cache (C:\Users\German\.gradle\caches\journal-1)" [_thread_blocked, id=1648, stack(0x000000001adf0000,0x000000001aef0000)]
  0x0000000019122000 JavaThread "File lock request listener" [_thread_in_native, id=10336, stack(0x000000001acf0000,0x000000001adf0000)]
  0x000000001911d800 JavaThread "Cache worker for file hash cache (C:\Users\German\.gradle\caches\6.9\fileHashes)" [_thread_blocked, id=12672, stack(0x000000001abf0000,0x000000001acf0000)]
  0x000000001897e800 JavaThread "Daemon periodic checks" [_thread_blocked, id=13392, stack(0x0000000019ef0000,0x0000000019ff0000)]
  0x000000001899a800 JavaThread "Incoming local TCP Connector on port 51860" [_thread_in_native, id=13408, stack(0x0000000019c80000,0x0000000019d80000)]
  0x0000000018508000 JavaThread "Daemon health stats" [_thread_blocked, id=13432, stack(0x0000000018870000,0x0000000018970000)]
  0x0000000015fff000 JavaThread "Service Thread" daemon [_thread_blocked, id=8840, stack(0x0000000016ca0000,0x0000000016da0000)]
  0x0000000015fc4000 JavaThread "C1 CompilerThread3" daemon [_thread_blocked, id=2000, stack(0x0000000016ba0000,0x0000000016ca0000)]
  0x0000000015fbf000 JavaThread "C2 CompilerThread2" daemon [_thread_in_native, id=5208, stack(0x0000000016aa0000,0x0000000016ba0000)]
  0x0000000015fb7800 JavaThread "C2 CompilerThread1" daemon [_thread_blocked, id=1492, stack(0x00000000169a0000,0x0000000016aa0000)]
  0x0000000015fbc800 JavaThread "C2 CompilerThread0" daemon [_thread_in_native, id=9420, stack(0x00000000168a0000,0x00000000169a0000)]
  0x0000000015faf000 JavaThread "Attach Listener" daemon [_thread_blocked, id=1520, stack(0x00000000167a0000,0x00000000168a0000)]
  0x0000000015fad800 JavaThread "Signal Dispatcher" daemon [_thread_blocked, id=13340, stack(0x00000000166a0000,0x00000000167a0000)]
  0x0000000015fa0800 JavaThread "Finalizer" daemon [_thread_blocked, id=13348, stack(0x0000000016480000,0x0000000016580000)]
  0x00000000141ab800 JavaThread "Reference Handler" daemon [_thread_blocked, id=13344, stack(0x0000000016380000,0x0000000016480000)]
  0x0000000002843800 JavaThread "main" [_thread_blocked, id=13332, stack(0x00000000026f0000,0x00000000027f0000)]

Other Threads:
  0x00000000141a7800 VMThread [stack: 0x0000000015e80000,0x0000000015f80000] [id=13336]
  0x0000000016001000 WatcherThread [stack: 0x0000000016da0000,0x0000000016ea0000] [id=2536]

VM state:synchronizing (normal execution)

VM Mutex/Monitor currently owned by a thread:  ([mutex/lock_event])
[0x00000000028407d0] Safepoint_lock - owner thread: 0x00000000141a7800
[0x00000000028405d0] Threads_lock - owner thread: 0x00000000141a7800
[0x00000000028427e0] Heap_lock - owner thread: 0x000000001b42a000

heap address: 0x00000000e0000000, size: 512 MB, Compressed Oops mode: 32-bit
Narrow klass base: 0x0000000000000000, Narrow klass shift: 3
Compressed class space size: 1073741824 Address: 0x0000000100000000

Heap:
 PSYoungGen      total 150016K, used 131940K [0x00000000f5580000, 0x00000000ffc80000, 0x0000000100000000)
  eden space 128512K, 100% used [0x00000000f5580000,0x00000000fd300000,0x00000000fd300000)
  from space 21504K, 15% used [0x00000000fe780000,0x00000000fead9160,0x00000000ffc80000)
  to   space 20992K, 0% used [0x00000000fd300000,0x00000000fd300000,0x00000000fe780000)
 ParOldGen       total 301568K, used 232687K [0x00000000e0000000, 0x00000000f2680000, 0x00000000f5580000)
  object space 301568K, 77% used [0x00000000e0000000,0x00000000ee33be90,0x00000000f2680000)
 Metaspace       used 124161K, capacity 131945K, committed 132224K, reserved 1163264K
  class space    used 16350K, capacity 17912K, committed 18048K, reserved 1048576K

Card table byte_map: [0x0000000011d00000,0x0000000011e10000] byte_map_base: 0x0000000011600000

Marking Bits: (ParMarkBitMap*) 0x00000000764e1440
 Begin Bits: [0x00000000126c0000, 0x0000000012ec0000)
 End Bits:   [0x0000000012ec0000, 0x00000000136c0000)

Polling page: 0x0000000002680000

CodeCache: size=245760Kb used=81011Kb max_used=81011Kb free=164748Kb
 bounds [0x0000000002940000, 0x00000000078c0000, 0x0000000011940000]
 total_blobs=23297 nmethods=22319 adapters=888
 compilation: enabled

Compilation events (10 events):
Event: 6639.236 Thread 0x0000000015fc4000 28214       2       java.util.HashMap$TreeNode::rotateRight (91 bytes)
Event: 6639.237 Thread 0x0000000015fc4000 nmethod 28214 0x00000000078ae690 code [0x00000000078ae7e0, 0x00000000078aea30]
Event: 6639.237 Thread 0x0000000015fc4000 28215       2       java.util.HashMap$TreeNode::putTreeVal (314 bytes)
Event: 6639.239 Thread 0x0000000015fc4000 nmethod 28215 0x00000000078b8c50 code [0x00000000078b8e40, 0x00000000078b95a8]
Event: 6639.239 Thread 0x0000000015fc4000 28216       2       java.util.HashMap::newTreeNode (13 bytes)
Event: 6639.239 Thread 0x0000000015fc4000 nmethod 28216 0x00000000078a6810 code [0x00000000078a6960, 0x00000000078a6b50]
Event: 6639.240 Thread 0x0000000015fc4000 28217       1       com.android.tools.r8.v.b.z1::W1 (3 bytes)
Event: 6639.240 Thread 0x0000000015fc4000 nmethod 28217 0x00000000078a5110 code [0x00000000078a5260, 0x00000000078a5370]
Event: 6639.275 Thread 0x0000000015fc4000 28218 %     3       com.android.tools.r8.v.b.X::a @ 46 (134 bytes)
Event: 6639.278 Thread 0x0000000015fc4000 nmethod 28218% 0x00000000078ba490 code [0x00000000078ba800, 0x00000000078bc418]

GC Heap History (10 events):
Event: 6637.523 GC heap before
{Heap before GC invocations=68 (full 4):
 PSYoungGen      total 138752K, used 114060K [0x00000000f5580000, 0x00000000ffc80000, 0x0000000100000000)
  eden space 108544K, 100% used [0x00000000f5580000,0x00000000fbf80000,0x00000000fbf80000)
  from space 30208K, 18% used [0x00000000fbf80000,0x00000000fc4e3028,0x00000000fdd00000)
  to   space 28160K, 0% used [0x00000000fe100000,0x00000000fe100000,0x00000000ffc80000)
 ParOldGen       total 301568K, used 216934K [0x00000000e0000000, 0x00000000f2680000, 0x00000000f5580000)
  object space 301568K, 71% used [0x00000000e0000000,0x00000000ed3d99b0,0x00000000f2680000)
 Metaspace       used 124102K, capacity 131851K, committed 132224K, reserved 1163264K
  class space    used 16344K, capacity 17907K, committed 18048K, reserved 1048576K
Event: 6637.547 GC heap after
Heap after GC invocations=68 (full 4):
 PSYoungGen      total 141824K, used 5783K [0x00000000f5580000, 0x00000000ffa00000, 0x0000000100000000)
  eden space 116224K, 0% used [0x00000000f5580000,0x00000000f5580000,0x00000000fc700000)
  from space 25600K, 22% used [0x00000000fe100000,0x00000000fe6a5df8,0x00000000ffa00000)
  to   space 26112K, 0% used [0x00000000fc700000,0x00000000fc700000,0x00000000fe080000)
 ParOldGen       total 301568K, used 221723K [0x00000000e0000000, 0x00000000f2680000, 0x00000000f5580000)
  object space 301568K, 73% used [0x00000000e0000000,0x00000000ed886c18,0x00000000f2680000)
 Metaspace       used 124102K, capacity 131851K, committed 132224K, reserved 1163264K
  class space    used 16344K, capacity 17907K, committed 18048K, reserved 1048576K
}
Event: 6637.891 GC heap before
{Heap before GC invocations=69 (full 4):
 PSYoungGen      total 141824K, used 122007K [0x00000000f5580000, 0x00000000ffa00000, 0x0000000100000000)
  eden space 116224K, 100% used [0x00000000f5580000,0x00000000fc700000,0x00000000fc700000)
  from space 25600K, 22% used [0x00000000fe100000,0x00000000fe6a5df8,0x00000000ffa00000)
  to   space 26112K, 0% used [0x00000000fc700000,0x00000000fc700000,0x00000000fe080000)
 ParOldGen       total 301568K, used 221723K [0x00000000e0000000, 0x00000000f2680000, 0x00000000f5580000)
  object space 301568K, 73% used [0x00000000e0000000,0x00000000ed886c18,0x00000000f2680000)
 Metaspace       used 124108K, capacity 131851K, committed 132224K, reserved 1163264K
  class space    used 16344K, capacity 17907K, committed 18048K, reserved 1048576K
Event: 6637.917 GC heap after
Heap after GC invocations=69 (full 4):
 PSYoungGen      total 142336K, used 3324K [0x00000000f5580000, 0x00000000ffd80000, 0x0000000100000000)
  eden space 116224K, 0% used [0x00000000f5580000,0x00000000f5580000,0x00000000fc700000)
  from space 26112K, 12% used [0x00000000fc700000,0x00000000fca3f150,0x00000000fe080000)
  to   space 24576K, 0% used [0x00000000fe580000,0x00000000fe580000,0x00000000ffd80000)
 ParOldGen       total 301568K, used 226787K [0x00000000e0000000, 0x00000000f2680000, 0x00000000f5580000)
  object space 301568K, 75% used [0x00000000e0000000,0x00000000edd78ef0,0x00000000f2680000)
 Metaspace       used 124108K, capacity 131851K, committed 132224K, reserved 1163264K
  class space    used 16344K, capacity 17907K, committed 18048K, reserved 1048576K
}
Event: 6638.294 GC heap before
{Heap before GC invocations=70 (full 4):
 PSYoungGen      total 142336K, used 119548K [0x00000000f5580000, 0x00000000ffd80000, 0x0000000100000000)
  eden space 116224K, 100% used [0x00000000f5580000,0x00000000fc700000,0x00000000fc700000)
  from space 26112K, 12% used [0x00000000fc700000,0x00000000fca3f150,0x00000000fe080000)
  to   space 24576K, 0% used [0x00000000fe580000,0x00000000fe580000,0x00000000ffd80000)
 ParOldGen       total 301568K, used 226787K [0x00000000e0000000, 0x00000000f2680000, 0x00000000f5580000)
  object space 301568K, 75% used [0x00000000e0000000,0x00000000edd78ef0,0x00000000f2680000)
 Metaspace       used 124146K, capacity 131943K, committed 132224K, reserved 1163264K
  class space    used 16349K, capacity 17911K, committed 18048K, reserved 1048576K
Event: 6638.320 GC heap after
Heap after GC invocations=70 (full 4):
 PSYoungGen      total 147456K, used 2240K [0x00000000f5580000, 0x00000000ffc80000, 0x0000000100000000)
  eden space 123904K, 0% used [0x00000000f5580000,0x00000000f5580000,0x00000000fce80000)
  from space 23552K, 9% used [0x00000000fe580000,0x00000000fe7b0000,0x00000000ffc80000)
  to   space 23552K, 0% used [0x00000000fce80000,0x00000000fce80000,0x00000000fe580000)
 ParOldGen       total 301568K, used 229484K [0x00000000e0000000, 0x00000000f2680000, 0x00000000f5580000)
  object space 301568K, 76% used [0x00000000e0000000,0x00000000ee01b300,0x00000000f2680000)
 Metaspace       used 124146K, capacity 131943K, committed 132224K, reserved 1163264K
  class space    used 16349K, capacity 17911K, committed 18048K, reserved 1048576K
}
Event: 6638.634 GC heap before
{Heap before GC invocations=71 (full 4):
 PSYoungGen      total 147456K, used 126144K [0x00000000f5580000, 0x00000000ffc80000, 0x0000000100000000)
  eden space 123904K, 100% used [0x00000000f5580000,0x00000000fce80000,0x00000000fce80000)
  from space 23552K, 9% used [0x00000000fe580000,0x00000000fe7b0000,0x00000000ffc80000)
  to   space 23552K, 0% used [0x00000000fce80000,0x00000000fce80000,0x00000000fe580000)
 ParOldGen       total 301568K, used 229484K [0x00000000e0000000, 0x00000000f2680000, 0x00000000f5580000)
  object space 301568K, 76% used [0x00000000e0000000,0x00000000ee01b300,0x00000000f2680000)
 Metaspace       used 124149K, capacity 131943K, committed 132224K, reserved 1163264K
  class space    used 16349K, capacity 17911K, committed 18048K, reserved 1048576K
Event: 6638.653 GC heap after
Heap after GC invocations=71 (full 4):
 PSYoungGen      total 147456K, used 2315K [0x00000000f5580000, 0x00000000ffd00000, 0x0000000100000000)
  eden space 123904K, 0% used [0x00000000f5580000,0x00000000f5580000,0x00000000fce80000)
  from space 23552K, 9% used [0x00000000fce80000,0x00000000fd0c2c30,0x00000000fe580000)
  to   space 22016K, 0% used [0x00000000fe780000,0x00000000fe780000,0x00000000ffd00000)
 ParOldGen       total 301568K, used 231179K [0x00000000e0000000, 0x00000000f2680000, 0x00000000f5580000)
  object space 301568K, 76% used [0x00000000e0000000,0x00000000ee1c2fc0,0x00000000f2680000)
 Metaspace       used 124149K, capacity 131943K, committed 132224K, reserved 1163264K
  class space    used 16349K, capacity 17911K, committed 18048K, reserved 1048576K
}
Event: 6639.022 GC heap before
{Heap before GC invocations=72 (full 4):
 PSYoungGen      total 147456K, used 126219K [0x00000000f5580000, 0x00000000ffd00000, 0x0000000100000000)
  eden space 123904K, 100% used [0x00000000f5580000,0x00000000fce80000,0x00000000fce80000)
  from space 23552K, 9% used [0x00000000fce80000,0x00000000fd0c2c30,0x00000000fe580000)
  to   space 22016K, 0% used [0x00000000fe780000,0x00000000fe780000,0x00000000ffd00000)
 ParOldGen       total 301568K, used 231179K [0x00000000e0000000, 0x00000000f2680000, 0x00000000f5580000)
  object space 301568K, 76% used [0x00000000e0000000,0x00000000ee1c2fc0,0x00000000f2680000)
 Metaspace       used 124157K, capacity 131945K, committed 132224K, reserved 1163264K
  class space    used 16350K, capacity 17912K, committed 18048K, reserved 1048576K
Event: 6639.036 GC heap after
Heap after GC invocations=72 (full 4):
 PSYoungGen      total 150016K, used 3428K [0x00000000f5580000, 0x00000000ffc80000, 0x0000000100000000)
  eden space 128512K, 0% used [0x00000000f5580000,0x00000000f5580000,0x00000000fd300000)
  from space 21504K, 15% used [0x00000000fe780000,0x00000000fead9160,0x00000000ffc80000)
  to   space 20992K, 0% used [0x00000000fd300000,0x00000000fd300000,0x00000000fe780000)
 ParOldGen       total 301568K, used 232687K [0x00000000e0000000, 0x00000000f2680000, 0x00000000f5580000)
  object space 301568K, 77% used [0x00000000e0000000,0x00000000ee33be90,0x00000000f2680000)
 Metaspace       used 124157K, capacity 131945K, committed 132224K, reserved 1163264K
  class space    used 16350K, capacity 17912K, committed 18048K, reserved 1048576K
}

Deoptimization events (10 events):
Event: 6637.308 Thread 0x000000001b42a800 Uncommon trap: reason=class_check action=maybe_recompile pc=0x000000000764f4cc method=com.android.tools.r8.ir.regalloc.a.a(Lcom/android/tools/r8/ir/regalloc/a$a;Z)Lcom/android/tools/r8/ir/regalloc/a$a; @ 2506
Event: 6637.309 Thread 0x000000001b42a800 Uncommon trap: reason=bimorphic action=maybe_recompile pc=0x000000000764f2d0 method=com.android.tools.r8.ir.regalloc.b.o()Lcom/android/tools/r8/v/b/w1; @ 4
Event: 6637.419 Thread 0x000000001b42a800 Uncommon trap: reason=bimorphic action=maybe_recompile pc=0x000000000764f2d0 method=com.android.tools.r8.ir.regalloc.b.o()Lcom/android/tools/r8/v/b/w1; @ 4
Event: 6637.438 Thread 0x000000001b42a800 Uncommon trap: reason=bimorphic action=maybe_recompile pc=0x000000000764f6a8 method=com.android.tools.r8.ir.regalloc.b.o()Lcom/android/tools/r8/v/b/w1; @ 4
Event: 6637.479 Thread 0x000000001b42a800 Uncommon trap: reason=bimorphic action=maybe_recompile pc=0x000000000764f6a8 method=com.android.tools.r8.ir.regalloc.b.o()Lcom/android/tools/r8/v/b/w1; @ 4
Event: 6637.745 Thread 0x00000000296c0000 Uncommon trap: reason=class_check action=maybe_recompile pc=0x0000000003e49d80 method=java.util.concurrent.Executors$RunnableAdapter.call()Ljava/lang/Object; @ 4
Event: 6639.180 Thread 0x000000001b42a800 Uncommon trap: reason=bimorphic action=maybe_recompile pc=0x000000000786f51c method=com.android.tools.r8.ir.regalloc.a.a(Lcom/android/tools/r8/ir/regalloc/a$a;Z)Lcom/android/tools/r8/ir/regalloc/a$a; @ 2498
Event: 6639.184 Thread 0x000000001b42a800 Uncommon trap: reason=bimorphic action=maybe_recompile pc=0x000000000786f51c method=com.android.tools.r8.ir.regalloc.a.a(Lcom/android/tools/r8/ir/regalloc/a$a;Z)Lcom/android/tools/r8/ir/regalloc/a$a; @ 2498
Event: 6639.186 Thread 0x000000001b42a800 Uncommon trap: reason=bimorphic action=maybe_recompile pc=0x000000000786f51c method=com.android.tools.r8.ir.regalloc.a.a(Lcom/android/tools/r8/ir/regalloc/a$a;Z)Lcom/android/tools/r8/ir/regalloc/a$a; @ 2498
Event: 6639.189 Thread 0x000000001b42a800 Uncommon trap: reason=bimorphic action=maybe_recompile pc=0x000000000786f51c method=com.android.tools.r8.ir.regalloc.a.a(Lcom/android/tools/r8/ir/regalloc/a$a;Z)Lcom/android/tools/r8/ir/regalloc/a$a; @ 2498

Classes redefined (0 events):
No events

Internal exceptions (10 events):
Event: 6630.183 Thread 0x000000001b42d000 Exception <a 'java/lang/NoSuchMethodError': java.lang.Object.b(Lcom/android/tools/r8/graph/Q1$b;)Lcom/android/tools/r8/graph/Q1$b;> (0x00000000f6028bc0) thrown at [C:\tmp\build-8-cpu\jdk8u\hotspot\src\share\vm\interpreter\linkResolver.cpp, line 620]
Event: 6632.459 Thread 0x000000001b42d000 Exception <a 'sun/nio/fs/WindowsException'> (0x00000000f825c1f0) thrown at [C:\tmp\build-8-cpu\jdk8u\hotspot\src\share\vm\prims\jni.cpp, line 711]
Event: 6632.500 Thread 0x0000000027ee2800 Implicit null exception at 0x00000000072613cc to 0x0000000007266799
Event: 6632.709 Thread 0x000000001b42d000 Exception <a 'sun/nio/fs/WindowsException'> (0x00000000f6e05e08) thrown at [C:\tmp\build-8-cpu\jdk8u\hotspot\src\share\vm\prims\jni.cpp, line 711]
Event: 6632.865 Thread 0x000000001b42d000 Exception <a 'sun/nio/fs/WindowsException'> (0x00000000f8ad5fc8) thrown at [C:\tmp\build-8-cpu\jdk8u\hotspot\src\share\vm\prims\jni.cpp, line 711]
Event: 6633.547 Thread 0x000000001b42d000 Exception <a 'sun/nio/fs/WindowsException'> (0x00000000f5d2fcb0) thrown at [C:\tmp\build-8-cpu\jdk8u\hotspot\src\share\vm\prims\jni.cpp, line 711]
Event: 6635.158 Thread 0x000000001b42d000 Implicit null exception at 0x0000000002bb1336 to 0x0000000002bb1741
Event: 6636.937 Thread 0x000000001b42a800 Exception <a 'sun/nio/fs/WindowsException'> (0x00000000f6aebda0) thrown at [C:\tmp\build-8-cpu\jdk8u\hotspot\src\share\vm\prims\jni.cpp, line 711]
Event: 6637.119 Thread 0x000000001b42a800 Exception <a 'sun/nio/fs/WindowsException'> (0x00000000fb12b4d8) thrown at [C:\tmp\build-8-cpu\jdk8u\hotspot\src\share\vm\prims\jni.cpp, line 711]
Event: 6639.284 Thread 0x000000001b42a800 Implicit null exception at 0x00000000071edd7f to 0x0000000000000000

Events (10 events):
Event: 6639.186 Thread 0x000000001b42a800 DEOPT UNPACKING pc=0x000000000298557b sp=0x000000001f8d96d0 mode 2
Event: 6639.189 Thread 0x000000001b42a800 Uncommon trap: trap_request=0xffffffc6 fr.pc=0x000000000786f51c
Event: 6639.189 Thread 0x000000001b42a800 DEOPT PACKING pc=0x000000000786f51c sp=0x000000001f8d9690
Event: 6639.189 Thread 0x000000001b42a800 DEOPT UNPACKING pc=0x000000000298557b sp=0x000000001f8d96d0 mode 2
Event: 6639.205 Thread 0x000000001b42d000 DEOPT PACKING pc=0x00000000070f6a1e sp=0x00000000201d9e50
Event: 6639.205 Thread 0x000000001b42d000 DEOPT UNPACKING pc=0x00000000029875d0 sp=0x00000000201d9f88 mode 0
Event: 6639.206 Thread 0x000000001b426000 DEOPT PACKING pc=0x000000000693985d sp=0x00000000202d9600
Event: 6639.206 Thread 0x000000001b426000 DEOPT UNPACKING pc=0x00000000029875d0 sp=0x00000000202d9508 mode 0
Event: 6639.276 Thread 0x000000001b42d000 DEOPT PACKING pc=0x00000000070f6a1e sp=0x00000000201d9e50
Event: 6639.276 Thread 0x000000001b42d000 DEOPT UNPACKING pc=0x00000000029875d0 sp=0x00000000201d9f88 mode 0


Dynamic libraries:
0x00007ff6738f0000 - 0x00007ff673925000 	C:\Program Files\OpenJDK\openjdk-8u302-b08\bin\java.exe
0x00007ffa1ab70000 - 0x00007ffa1ad65000 	C:\WINDOWS\SYSTEM32\ntdll.dll
0x00007ffa18cd0000 - 0x00007ffa18d8e000 	C:\WINDOWS\System32\KERNEL32.DLL
0x00007ffa185b0000 - 0x00007ffa18879000 	C:\WINDOWS\System32\KERNELBASE.dll
0x00007ffa19bd0000 - 0x00007ffa19c7c000 	C:\WINDOWS\System32\ADVAPI32.dll
0x00007ffa195a0000 - 0x00007ffa1963e000 	C:\WINDOWS\System32\msvcrt.dll
0x00007ffa1a9a0000 - 0x00007ffa1aa3b000 	C:\WINDOWS\System32\sechost.dll
0x00007ffa19c80000 - 0x00007ffa19daa000 	C:\WINDOWS\System32\RPCRT4.dll
0x00007ffa19640000 - 0x00007ffa197e1000 	C:\WINDOWS\System32\USER32.dll
0x00007ffa18b90000 - 0x00007ffa18bb2000 	C:\WINDOWS\System32\win32u.dll
0x00007ffa19920000 - 0x00007ffa1994b000 	C:\WINDOWS\System32\GDI32.dll
0x00007ffa18a30000 - 0x00007ffa18b3b000 	C:\WINDOWS\System32\gdi32full.dll
0x00007ffa18320000 - 0x00007ffa183bd000 	C:\WINDOWS\System32\msvcp_win.dll
0x00007ffa18930000 - 0x00007ffa18a30000 	C:\WINDOWS\System32\ucrtbase.dll
0x00007ffa05990000 - 0x00007ffa05c2a000 	C:\WINDOWS\WinSxS\amd64_microsoft.windows.common-controls_6595b64144ccf1df_6.0.19041.1110_none_60b5254171f9507e\COMCTL32.dll
0x00007ffa18bc0000 - 0x00007ffa18bf0000 	C:\WINDOWS\System32\IMM32.DLL
0x0000000077860000 - 0x0000000077932000 	C:\Program Files\OpenJDK\openjdk-8u302-b08\jre\bin\msvcr100.dll
0x0000000075cd0000 - 0x0000000076563000 	C:\Program Files\OpenJDK\openjdk-8u302-b08\jre\bin\server\jvm.dll
0x00007ffa18f90000 - 0x00007ffa18f98000 	C:\WINDOWS\System32\PSAPI.DLL
0x00007ffa0c8f0000 - 0x00007ffa0c8fa000 	C:\WINDOWS\SYSTEM32\VERSION.dll
0x00007ffa07d40000 - 0x00007ffa07d67000 	C:\WINDOWS\SYSTEM32\WINMM.dll
0x00007ffa11e40000 - 0x00007ffa11e49000 	C:\WINDOWS\SYSTEM32\WSOCK32.dll
0x00007ffa199b0000 - 0x00007ffa19a1b000 	C:\WINDOWS\System32\WS2_32.dll
0x00007ffa124d0000 - 0x00007ffa124df000 	C:\Program Files\OpenJDK\openjdk-8u302-b08\jre\bin\verify.dll
0x00007ff9f2730000 - 0x00007ff9f2759000 	C:\Program Files\OpenJDK\openjdk-8u302-b08\jre\bin\java.dll
0x00007ffa11ee0000 - 0x00007ffa11ef6000 	C:\Program Files\OpenJDK\openjdk-8u302-b08\jre\bin\zip.dll
0x00007ffa1a200000 - 0x00007ffa1a93f000 	C:\WINDOWS\System32\SHELL32.dll
0x00007ffa16360000 - 0x00007ffa16af0000 	C:\WINDOWS\SYSTEM32\windows.storage.dll
0x00007ffa19dc0000 - 0x00007ffa1a115000 	C:\WINDOWS\System32\combase.dll
0x00007ffa17ce0000 - 0x00007ffa17d0c000 	C:\WINDOWS\SYSTEM32\Wldp.dll
0x00007ffa18fa0000 - 0x00007ffa1904d000 	C:\WINDOWS\System32\SHCORE.dll
0x00007ffa1a940000 - 0x00007ffa1a995000 	C:\WINDOWS\System32\shlwapi.dll
0x00007ffa181d0000 - 0x00007ffa181ef000 	C:\WINDOWS\SYSTEM32\profapi.dll
0x00007ff9f2710000 - 0x00007ff9f272b000 	C:\Program Files\OpenJDK\openjdk-8u302-b08\jre\bin\net.dll
0x00007ffa17a40000 - 0x00007ffa17aaa000 	C:\WINDOWS\system32\mswsock.dll
0x00007ff9f26f0000 - 0x00007ff9f2701000 	C:\Program Files\OpenJDK\openjdk-8u302-b08\jre\bin\nio.dll
0x00007ff9e8c20000 - 0x00007ff9e8c47000 	C:\Users\German\.gradle\native\49d0259a56938c7f99b2704e745ce422c4f750a7a20b539a32ccef96729676b1\windows-amd64\native-platform.dll
0x00007ff9a7690000 - 0x00007ff9a7826000 	C:\Users\German\.gradle\native\12488b8bf47d2d4c9fbf2f6322a914ad602e24e48041cd04a747c6da556b65c4\windows-amd64\native-platform-file-events.dll
0x00007ff9f64a0000 - 0x00007ff9f64ad000 	C:\Program Files\OpenJDK\openjdk-8u302-b08\jre\bin\management.dll
0x00007ffa17c40000 - 0x00007ffa17c58000 	C:\WINDOWS\SYSTEM32\CRYPTSP.dll
0x00007ffa17350000 - 0x00007ffa17384000 	C:\WINDOWS\system32\rsaenh.dll
0x00007ffa18580000 - 0x00007ffa185a7000 	C:\WINDOWS\System32\bcrypt.dll
0x00007ffa18190000 - 0x00007ffa181be000 	C:\WINDOWS\SYSTEM32\USERENV.dll
0x00007ffa18290000 - 0x00007ffa18313000 	C:\WINDOWS\System32\bcryptprimitives.dll
0x00007ffa17c30000 - 0x00007ffa17c3c000 	C:\WINDOWS\SYSTEM32\CRYPTBASE.dll
0x00007ffa176e0000 - 0x00007ffa1771b000 	C:\WINDOWS\SYSTEM32\IPHLPAPI.DLL
0x00007ffa19db0000 - 0x00007ffa19db8000 	C:\WINDOWS\System32\NSI.dll
0x00007ffa10d20000 - 0x00007ffa10d37000 	C:\WINDOWS\SYSTEM32\dhcpcsvc6.DLL
0x00007ffa10d00000 - 0x00007ffa10d1d000 	C:\WINDOWS\SYSTEM32\dhcpcsvc.DLL
0x00007ffa17730000 - 0x00007ffa177fc000 	C:\WINDOWS\SYSTEM32\DNSAPI.dll
0x00007ff9f8230000 - 0x00007ff9f8254000 	C:\Program Files\OpenJDK\openjdk-8u302-b08\jre\bin\sunec.dll
0x00007ffa0dc80000 - 0x00007ffa0dc8a000 	C:\Windows\System32\rasadhlp.dll
0x00007ffa0db00000 - 0x00007ffa0db7f000 	C:\WINDOWS\System32\fwpuclnt.dll
0x00007ffa124c0000 - 0x00007ffa124cc000 	C:\Program Files\OpenJDK\openjdk-8u302-b08\jre\bin\sunmscapi.dll
0x00007ffa183c0000 - 0x00007ffa18516000 	C:\WINDOWS\System32\CRYPT32.dll
0x00007ffa17d50000 - 0x00007ffa17d77000 	C:\WINDOWS\SYSTEM32\ncrypt.dll
0x00007ffa17d10000 - 0x00007ffa17d4b000 	C:\WINDOWS\SYSTEM32\NTASN1.dll
0x00007ffa16f80000 - 0x00007ffa16fb3000 	C:\WINDOWS\SYSTEM32\ntmarta.dll
0x00007ffa11e60000 - 0x00007ffa11e7e000 	C:\Users\German\AppData\Local\Temp\native-platform6273629444360756390dir\native-platform.dll
0x00007ffa14ce0000 - 0x00007ffa14d70000 	C:\WINDOWS\system32\apphelp.dll
0x00007ffa15ee0000 - 0x00007ffa160c4000 	C:\WINDOWS\SYSTEM32\dbghelp.dll

VM Arguments:
jvm_args: -XX:MaxMetaspaceSize=256m -XX:+HeapDumpOnOutOfMemoryError -Xms256m -Xmx512m -Dfile.encoding=windows-1252 -Duser.country=CL -Duser.language=es -Duser.variant 
java_command: org.gradle.launcher.daemon.bootstrap.GradleDaemon 6.9
java_class_path (initial): C:\Users\German\.gradle\wrapper\dists\gradle-6.9-all\dooywd8nv05k16orzxge2b1bs\gradle-6.9\lib\gradle-launcher-6.9.jar
Launcher Type: SUN_STANDARD

Environment Variables:
JAVA_HOME=C:\Program Files\OpenJDK\openjdk-8u302-b08
CLASSPATH=C:\Users\German\Desktop\demoMobile\android\\gradle\wrapper\gradle-wrapper.jar
PATH=C:\Users\German\Desktop\demoMobile\android\node_modules\.bin;C:\Users\German\Desktop\demoMobile\node_modules\.bin;C:\Users\German\Desktop\node_modules\.bin;C:\Users\German\node_modules\.bin;C:\Users\node_modules\.bin;C:\node_modules\.bin;C:\Program Files\nodejs;C:\Users\German\Desktop\demoMobile\node_modules\.bin;C:\Users\German\Desktop\node_modules\.bin;C:\Users\German\node_modules\.bin;C:\Users\node_modules\.bin;C:\node_modules\.bin;C:\Users\German\AppData\Roaming\npm\node_modules\npm\node_modules\@npmcli\run-script\lib\node-gyp-bin;C:\Program Files (x86)\Common Files\Oracle\Java\javapath;C:\Windows\system32;C:\Windows;C:\Windows\System32\Wbem;C:\Windows\System32\WindowsPowerShell\v1.0\;C:\Program Files\NVIDIA Corporation\NVIDIA NvDLISR;C:\Program Files (x86)\NVIDIA Corporation\PhysX\Common;C:\Program Files\Git\cmd;C:\WINDOWS\system32;C:\WINDOWS;C:\WINDOWS\System32\Wbem;C:\WINDOWS\System32\WindowsPowerShell\v1.0\;C:\WINDOWS\System32\OpenSSH\;C:\ProgramData\chocolatey\bin;C:\Program Files\nodejs\;C:\Program Files\OpenJDK\openjdk-8u302-b08\bin;C:\Users\German\AppData\Local\Microsoft\WindowsApps;C:\Users\German\AppData\Local\Programs\Microsoft VS Code\bin;C:\Users\German\AppData\Roaming\npm;C:\Users\German\AppData\Local\Android\Sdk\Platform-tools;;C:\Users\German\Desktop\demoMobile\node_modules\.bin
USERNAME=German
OS=Windows_NT
PROCESSOR_IDENTIFIER=Intel64 Family 6 Model 158 Stepping 9, GenuineIntel



---------------  S Y S T E M  ---------------

OS: Windows 10.0 , 64 bit Build 19041 (10.0.19041.1202)

CPU:total 8 (initial active 8) (4 cores per cpu, 2 threads per core) family 6 model 158 stepping 9, cmov, cx8, fxsr, mmx, sse, sse2, sse3, ssse3, sse4.1, sse4.2, popcnt, avx, avx2, aes, clmul, erms, 3dnowpref, lzcnt, ht, tsc, tscinvbit, bmi1, bmi2, adx

Memory: 4k page, physical 12463716k(918624k free), swap 21376612k(3105364k free)

vm_info: OpenJDK 64-Bit Server VM (25.302-b08) for windows-amd64 JRE (1.8.0_302-b08), built on Jul 16 2021 12:02:07 by "build" with MS VC++ 10.0 (VS2010)

time: Wed Nov 10 12:01:19 2021
timezone: Hora verano Sudamérica Pacífico
elapsed time: 6639.364735 seconds (0d 1h 50m 39s)

